<?xml version="1.0" encoding="UTF-8"?>
<!-- Generated by org.testng.reporters.JUnitXMLReporter -->
<testsuite ignored="0" hostname="DESKTOP-PFDBLQQ" failures="0" tests="5" name="Default test" time="102.487" errors="0" timestamp="2023-01-27T11:11:37 IST">
  <testcase classname="catb_fee.FeeProcess" name="Admission_Tag_Master" time="6.222"/>
  <testcase classname="catb_fee.FeeProcess" name="CATB_Str_Definiation" time="14.444"/>
  <testcase classname="catb_fee.FeeProcess" name="Associate_Admission_Tag" time="26.834"/>
  <testcase classname="catb_fee.FeeProcess" name="CATB_Billing" time="15.836"/>
  <testcase classname="catb_fee.FeeProcess" name="CATB_Revenue_Report" time="39.115"/>
</testsuite> <!-- Default test -->
